<?xml version="1.0" encoding="UTF-8"?>
<coverage generated="1714007845742" clover="3.2.0">
  <project timestamp="1714007845742" name="All files">
    <metrics statements="8" coveredstatements="7" conditionals="2" coveredconditionals="2" methods="2" coveredmethods="1" elements="12" coveredelements="10" complexity="0" loc="8" ncloc="8" packages="1" files="1" classes="1"/>
    <file name="app.js" path="C:\Users\rodri\devs\cucumber\demo-express-jest-supertest\app.js">
      <metrics statements="8" coveredstatements="7" conditionals="2" coveredconditionals="2" methods="2" coveredmethods="1"/>
      <line num="4" count="1" type="stmt"/>
      <line num="6" count="1" type="stmt"/>
      <line num="9" count="1" type="stmt"/>
      <line num="10" count="2" type="cond" truecount="2" falsecount="0"/>
      <line num="11" count="2" type="stmt"/>
      <line num="14" count="1" type="stmt"/>
      <line num="15" count="0" type="stmt"/>
      <line num="19" count="1" type="stmt"/>
    </file>
  </project>
</coverage>
